INFO:root:----- Request throughput -----
INFO:root:------------------------------
INFO:root:-------------------------------------------------------------------------------------------
INFO:root:----- Request Success -----
INFO:root:------------------------------
INFO:root:Successful requests: 0/0
INFO:root:Average wait time of successful requests: 0s
INFO:root:-------------------------------------------------------------------------------------------
INFO:root:----- Request Failure -----
INFO:root:------------------------------
INFO:root:Failed requests: 0/0
INFO:root:Average wait time of failed requests: 0s
INFO:root:-------------------------------------------------------------------------------------------
INFO:root:----- Deployment wise metrics -----
INFO:root:------------------------------
INFO:root:-------------------------------------------------------------------------------------------
INFO:root:----- Pod list by max requests handled -----
INFO:root:--------------------------------------------
INFO:root:-------------------------------------------------------------------------------------------
INFO:root:----- Worker node CPU utilisation metrics -----
INFO:root:-----------------------------------------------
INFO:root:Worker Node_1 Max CPU Utilization: 0/4 (0.0%)
INFO:root:Worker Node_2 Max CPU Utilization: 0/5 (0.0%)
INFO:root:Worker Node_3 Max CPU Utilization: 0/5 (0.0%)
INFO:root:-------------------------------------------------------------------------------------------
