INFO:root:----- Request throughput -----
INFO:root:------------------------------
INFO:root:Req 8 - Execution time 10s took 10.0066s STATUS: PROCESSED
INFO:root:Req 9 - Execution time 3s took 3.003s STATUS: PROCESSED
INFO:root:Req 12 - Execution time 5s took 5.0036s STATUS: PROCESSED
INFO:root:Req 13 - Execution time 1s took 1.0055s STATUS: PROCESSED
INFO:root:Req 14 - Execution time 6s took 6.003s STATUS: PROCESSED
INFO:root:Req 17 - Execution time 7s took 7.0151s STATUS: PROCESSED
INFO:root:Req 18 - Execution time 3s took 3.0103s STATUS: PROCESSED
INFO:root:Req 20 - Execution time 4s took 4.0078s STATUS: PROCESSED
INFO:root:Req 21 - Execution time 1s took 1.0054s STATUS: PROCESSED
INFO:root:Req 22 - Execution time 7s took 7.0053s STATUS: PROCESSED
INFO:root:Req 25 - Execution time 9s took 9.0029s STATUS: PROCESSED
INFO:root:Req 27 - Execution time 10s took 10.0055s STATUS: PROCESSED
INFO:root:Req 29 - Execution time 4s took 4.0069s STATUS: PROCESSED
INFO:root:Req 32 - Execution time 10s took 10.0039s STATUS: PROCESSED
INFO:root:Req 33 - Execution time 5s took 5.0017s STATUS: PROCESSED
INFO:root:Req 34 - Execution time 7s took 7.0016s STATUS: PROCESSED
INFO:root:Req 42 - Execution time 8s took 8.0038s STATUS: PROCESSED
INFO:root:Req 43 - Execution time 10s took 10.0033s STATUS: PROCESSED
INFO:root:Req 45 - Execution time 4s took 4.0045s STATUS: PROCESSED
INFO:root:Req 46 - Execution time 1s took 1.0085s STATUS: PROCESSED
INFO:root:Req 50 - Execution time 5s took 5.0026s STATUS: PROCESSED
INFO:root:Req 51 - Execution time 7s took 7.0046s STATUS: PROCESSED
INFO:root:Req 52 - Execution time 3s took 3.0068s STATUS: PROCESSED
INFO:root:Req 54 - Execution time 4s took 4.0023s STATUS: PROCESSED
INFO:root:Req 55 - Execution time 8s took 8.0055s STATUS: PROCESSED
INFO:root:Req 56 - Execution time 9s took 9.0055s STATUS: PROCESSED
INFO:root:Req 57 - Execution time 3s took 3.0026s STATUS: PROCESSED
INFO:root:Req 59 - Execution time 10s took 10.0076s STATUS: PROCESSED
INFO:root:Req 61 - Execution time 4s took 4.007s STATUS: PROCESSED
INFO:root:Req 62 - Execution time 10s took 10.007s STATUS: PROCESSED
INFO:root:Req 63 - Execution time 1s took 1.007s STATUS: PROCESSED
INFO:root:Req 64 - Execution time 10s took 10.0041s STATUS: PROCESSED
INFO:root:Req 67 - Execution time 4s took 0.001s STATUS: FAILED
INFO:root:Req 70 - Execution time 9s took 9.003s STATUS: PROCESSED
INFO:root:Req 72 - Execution time 10s took 10.0023s STATUS: PROCESSED
INFO:root:Req 75 - Execution time 6s took 6.0051s STATUS: PROCESSED
INFO:root:Req 77 - Execution time 1s took 1.0032s STATUS: PROCESSED
INFO:root:-------------------------------------------------------------------------------------------
INFO:root:----- Request Success -----
INFO:root:------------------------------
INFO:root:Successful requests: 36/37
INFO:root:Average wait time of successful requests: 0.0051s
INFO:root:-------------------------------------------------------------------------------------------
INFO:root:----- Request Failure -----
INFO:root:------------------------------
INFO:root:Failed requests: 1/37
INFO:root:Average wait time of failed requests: 0.001s
INFO:root:-------------------------------------------------------------------------------------------
INFO:root:----- Deployment wise metrics -----
INFO:root:------------------------------
INFO:root:Deployment label: Deployment_AA with 0 requests
INFO:root:Average wait time of requests: 0s
INFO:root:Successful requests: 0%
INFO:root:Deployment label: Deployment_AB with 4 requests
INFO:root:Average wait time of requests: 0.004s
INFO:root:Successful requests: 100.0%
INFO:root:Deployment label: Deployment_AC with 5 requests
INFO:root:Average wait time of requests: 0.008s
INFO:root:Successful requests: 100.0%
INFO:root:Deployment label: Deployment_AD with 1 requests
INFO:root:Average wait time of requests: 0.01s
INFO:root:Successful requests: 100.0%
INFO:root:Deployment label: Deployment_AE with 2 requests
INFO:root:Average wait time of requests: 0.004s
INFO:root:Successful requests: 100.0%
INFO:root:Deployment label: Deployment_AF with 4 requests
INFO:root:Average wait time of requests: 0.004s
INFO:root:Successful requests: 100.0%
INFO:root:Deployment label: Deployment_AG with 3 requests
INFO:root:Average wait time of requests: 0.004s
INFO:root:Successful requests: 100.0%
INFO:root:Deployment label: Deployment_AH with 7 requests
INFO:root:Average wait time of requests: 0.005s
INFO:root:Successful requests: 100.0%
INFO:root:Deployment label: Deployment_AI with 7 requests
INFO:root:Average wait time of requests: 0.005s
INFO:root:Successful requests: 100.0%
INFO:root:Deployment label: Deployment_AJ with 1 requests
INFO:root:Average wait time of requests: 0.008s
INFO:root:Successful requests: 100.0%
INFO:root:Deployment label: Deployment_AK with 1 requests
INFO:root:Average wait time of requests: 0.001s
INFO:root:Successful requests: 0%
INFO:root:Deployment label: Deployment_AL with 1 requests
INFO:root:Average wait time of requests: 0.002s
INFO:root:Successful requests: 100.0%
INFO:root:Deployment label: Deployment_AM with 1 requests
INFO:root:Average wait time of requests: 0.005s
INFO:root:Successful requests: 100.0%
INFO:root:-------------------------------------------------------------------------------------------
INFO:root:----- Pod list by max requests handled -----
INFO:root:--------------------------------------------
INFO:root:Pod Deployment_AH-pod-1 Requests handled: 7
INFO:root:Pod Deployment_AI-pod-1 Requests handled: 7
INFO:root:Pod Deployment_AC-pod-1 Requests handled: 5
INFO:root:Pod Deployment_AF-pod-1 Requests handled: 4
INFO:root:Pod Deployment_AB-pod-1 Requests handled: 2
INFO:root:Pod Deployment_AB-pod-2 Requests handled: 2
INFO:root:Pod Deployment_AE-pod-1 Requests handled: 2
INFO:root:Pod Deployment_AG-pod-2 Requests handled: 2
INFO:root:Pod Deployment_AD-pod-1 Requests handled: 1
INFO:root:Pod Deployment_AG-pod-3 Requests handled: 1
INFO:root:Pod Deployment_AJ-pod-1 Requests handled: 1
INFO:root:Pod Deployment_AL-pod-1 Requests handled: 1
INFO:root:Pod Deployment_AM-pod-1 Requests handled: 1
INFO:root:Pod Deployment_AA-pod-1 Requests handled: 0
INFO:root:Pod Deployment_AC-pod-2 Requests handled: 0
INFO:root:Pod Deployment_AD-pod-2 Requests handled: 0
INFO:root:Pod Deployment_AG-pod-1 Requests handled: 0
INFO:root:Pod Deployment_AH-pod-2 Requests handled: 0
INFO:root:Pod Deployment_AH-pod-3 Requests handled: 0
INFO:root:Pod Deployment_AJ-pod-2 Requests handled: 0
INFO:root:Pod Deployment_AJ-pod-3 Requests handled: 0
INFO:root:Pod Deployment_AK-pod-1 Requests handled: 0
INFO:root:Pod Deployment_AK-pod-2 Requests handled: 0
INFO:root:Pod Deployment_AL-pod-2 Requests handled: 0
INFO:root:-------------------------------------------------------------------------------------------
INFO:root:----- Worker node CPU utilisation metrics -----
INFO:root:-----------------------------------------------
INFO:root:Worker Node_1 Max CPU Utilization: 5/5 (100.0%)
INFO:root:Worker Node_2 Max CPU Utilization: 5/5 (100.0%)
INFO:root:Worker Node_3 Max CPU Utilization: 1/4 (25.0%)
INFO:root:-------------------------------------------------------------------------------------------
