INFO:root:----- Request throughput -----
INFO:root:------------------------------
INFO:root:Req 5 - Execution time 7s took 7.0074s STATUS: PROCESSED
INFO:root:-------------------------------------------------------------------------------------------
INFO:root:----- Request Success -----
INFO:root:------------------------------
INFO:root:Successful requests: 1/1
INFO:root:Average wait time of successful requests: 0.0074s
INFO:root:-------------------------------------------------------------------------------------------
INFO:root:----- Request Failure -----
INFO:root:------------------------------
INFO:root:Failed requests: 0/1
INFO:root:Average wait time of failed requests: 0s
INFO:root:-------------------------------------------------------------------------------------------
INFO:root:----- Deployment wise metrics -----
INFO:root:------------------------------
INFO:root:Deployment label: Deployment_AA with 1 requests
INFO:root:Average wait time of requests: 0.007s
INFO:root:Successful requests: 100.0%
INFO:root:-------------------------------------------------------------------------------------------
INFO:root:----- Pod list by max requests handled -----
INFO:root:--------------------------------------------
INFO:root:Pod Deployment_AA-pod-1 Requests handled: 1
INFO:root:Pod Deployment_AA-pod-2 Requests handled: 0
INFO:root:-------------------------------------------------------------------------------------------
INFO:root:----- Worker node CPU utilisation metrics -----
INFO:root:-----------------------------------------------
INFO:root:Worker Node_1 Max CPU Utilization: 2/4 (50.0%)
INFO:root:Worker Node_2 Max CPU Utilization: 0/5 (0.0%)
INFO:root:Worker Node_3 Max CPU Utilization: 0/5 (0.0%)
INFO:root:-------------------------------------------------------------------------------------------
